Length of Training Data:244, Length of Testing Data:523
start running at device: cuda:0
Epoch [1/100], Loss: 1.4857
Epoch [2/100], Loss: 1.4724
Epoch [3/100], Loss: 1.4593
Epoch [4/100], Loss: 1.4462
Epoch [5/100], Loss: 1.4331
Epoch [6/100], Loss: 1.4206
Epoch [7/100], Loss: 1.4077
Epoch [8/100], Loss: 1.3944
Epoch [9/100], Loss: 1.3818
Epoch [10/100], Loss: 1.3691
Epoch9: Average Dice Score: 0.2498
Epoch9: Average HD95: 79.6128
Epoch9: Average ASSD: 25.6337
Epoch [11/100], Loss: 1.3568
Epoch [12/100], Loss: 1.3451
Epoch [13/100], Loss: 1.3323
Epoch [14/100], Loss: 1.3198
Epoch [15/100], Loss: 1.3061
Epoch [16/100], Loss: 1.2918
Epoch [17/100], Loss: 1.2803
Epoch [18/100], Loss: 1.2685
Epoch [19/100], Loss: 1.2529
Epoch [20/100], Loss: 1.2389
Epoch19: Average Dice Score: 0.4371
Epoch19: Average HD95: 66.5066
Epoch19: Average ASSD: 15.0333
Epoch [21/100], Loss: 1.2235
Epoch [22/100], Loss: 1.2079
Epoch [23/100], Loss: 1.1903
Epoch [24/100], Loss: 1.1746
Epoch [25/100], Loss: 1.1581
Epoch [26/100], Loss: 1.1375
Epoch [27/100], Loss: 1.1180
Epoch [28/100], Loss: 1.0993
Epoch [29/100], Loss: 1.0834
Epoch [30/100], Loss: 1.0624
Epoch29: Average Dice Score: 0.6439
Epoch29: Average HD95: 48.1414
Epoch29: Average ASSD: 7.0473
Epoch [31/100], Loss: 1.0445
Epoch [32/100], Loss: 1.0265
Epoch [33/100], Loss: 1.0118
Epoch [34/100], Loss: 0.9949
Epoch [35/100], Loss: 0.9853
Epoch [36/100], Loss: 0.9714
Epoch [37/100], Loss: 0.9653
Epoch [38/100], Loss: 0.9575
Epoch [39/100], Loss: 0.9452
Epoch [40/100], Loss: 0.9395
Epoch39: Average Dice Score: 0.7548
Epoch39: Average HD95: 30.6287
Epoch39: Average ASSD: 3.9282
Epoch [41/100], Loss: 0.9309
Epoch [42/100], Loss: 0.9273
Epoch [43/100], Loss: 0.9210
Epoch [44/100], Loss: 0.9107
Epoch [45/100], Loss: 0.9104
Epoch [46/100], Loss: 0.9109
Epoch [47/100], Loss: 0.9045
Epoch [48/100], Loss: 0.8999
Epoch [49/100], Loss: 0.8968
Epoch [50/100], Loss: 0.8941
Epoch49: Average Dice Score: 0.7726
Epoch49: Average HD95: 25.3170
Epoch49: Average ASSD: 3.4540
Epoch [51/100], Loss: 0.8936
Epoch [52/100], Loss: 0.8857
Epoch [53/100], Loss: 0.8861
Epoch [54/100], Loss: 0.8829
Epoch [55/100], Loss: 0.8786
Epoch [56/100], Loss: 0.8750
Epoch [57/100], Loss: 0.8749
Epoch [58/100], Loss: 0.8727
Epoch [59/100], Loss: 0.8707
Epoch [60/100], Loss: 0.8608
Epoch59: Average Dice Score: 0.7109
Epoch59: Average HD95: 22.6108
Epoch59: Average ASSD: 3.4695
Epoch [61/100], Loss: 0.8604
Epoch [62/100], Loss: 0.8583
Epoch [63/100], Loss: 0.8550
Epoch [64/100], Loss: 0.8560
Epoch [65/100], Loss: 0.8495
Epoch [66/100], Loss: 0.8568
Epoch [67/100], Loss: 0.8408
Epoch [68/100], Loss: 0.8387
Epoch [69/100], Loss: 0.8390
Epoch [70/100], Loss: 0.8449
Epoch69: Average Dice Score: 0.6029
Epoch69: Average HD95: 9.7379
Epoch69: Average ASSD: 2.7269
Epoch [71/100], Loss: 0.8404
Epoch [72/100], Loss: 0.8362
Epoch [73/100], Loss: 0.8398
Epoch [74/100], Loss: 0.8326
Epoch [75/100], Loss: 0.8320
Epoch [76/100], Loss: 0.8304
Epoch [77/100], Loss: 0.8311
Epoch [78/100], Loss: 0.8226
Epoch [79/100], Loss: 0.8249
Epoch [80/100], Loss: 0.8188
Epoch79: Average Dice Score: 0.1045
Epoch79: Average HD95: 28.1213
Epoch79: Average ASSD: 9.5382
Epoch [81/100], Loss: 0.8171
Epoch [82/100], Loss: 0.8272
Epoch [83/100], Loss: 0.8268
Epoch [84/100], Loss: 0.8120
Epoch [85/100], Loss: 0.8080
Epoch [86/100], Loss: 0.8076
Epoch [87/100], Loss: 0.8069
Epoch [88/100], Loss: 0.8023
Epoch [89/100], Loss: 0.8040
Epoch [90/100], Loss: 0.8051
Epoch89: Average Dice Score: 0.0382
Epoch89: Average HD95: 35.4753
Epoch89: Average ASSD: 14.3046
Epoch [91/100], Loss: 0.8073
Epoch [92/100], Loss: 0.8041
Epoch [93/100], Loss: 0.7960
Epoch [94/100], Loss: 0.7960
Epoch [95/100], Loss: 0.8058
Epoch [96/100], Loss: 0.7952
Epoch [97/100], Loss: 0.7891
Epoch [98/100], Loss: 0.7933
Epoch [99/100], Loss: 0.7955
Epoch [100/100], Loss: 0.7861
Epoch99: Average Dice Score: 0.5238
Epoch99: Average HD95: 7.7658
Epoch99: Average ASSD: 1.7248
Average Dice Score: 0.4910
Average HD95: 8.4082
Average ASSD: 1.8980
Best Dice Score: 0.7726, with HD95 = 25.31698180488533 and ASSD = 3.4540191556421296 at epoch 49
