Length of Training Data:244, Length of Testing Data:523
start running at device: cuda:0
Epoch [1/700], Loss: 1.5356
Epoch [2/700], Loss: 1.5269
Epoch [3/700], Loss: 1.5188
Epoch [4/700], Loss: 1.5099
Epoch [5/700], Loss: 1.5004
Epoch [6/700], Loss: 1.4892
Epoch [7/700], Loss: 1.4789
Epoch [8/700], Loss: 1.4675
Epoch [9/700], Loss: 1.4571
Epoch [10/700], Loss: 1.4462
Epoch9: Average Dice Score: 0.1729
Epoch9: Average HD95: 87.2143
Epoch9: Average ASSD: 33.0269
Current Best Testing Info: Best Dice Score: 0.0000, with HD95 = 0 and ASSD = 0 at epoch 1
Epoch [11/700], Loss: 1.4378
Epoch [12/700], Loss: 1.4285
Epoch [13/700], Loss: 1.4213
Epoch [14/700], Loss: 1.4145
Epoch [15/700], Loss: 1.4071
Epoch [16/700], Loss: 1.4014
Epoch [17/700], Loss: 1.3960
Epoch [18/700], Loss: 1.3910
Epoch [19/700], Loss: 1.3860
Epoch [20/700], Loss: 1.3812
Epoch19: Average Dice Score: 0.2169
Epoch19: Average HD95: 84.5781
Epoch19: Average ASSD: 29.8436
Current Best Testing Info: Best Dice Score: 0.1729, with HD95 = 87.21434154325311 and ASSD = 33.02694508772065 at epoch 10
Epoch [21/700], Loss: 1.3776
Epoch [22/700], Loss: 1.3739
Epoch [23/700], Loss: 1.3693
Epoch [24/700], Loss: 1.3659
Epoch [25/700], Loss: 1.3629
Epoch [26/700], Loss: 1.3592
Epoch [27/700], Loss: 1.3554
Epoch [28/700], Loss: 1.3523
Epoch [29/700], Loss: 1.3494
Epoch [30/700], Loss: 1.3451
Epoch29: Average Dice Score: 0.2693
Epoch29: Average HD95: 83.0888
Epoch29: Average ASSD: 26.8871
Current Best Testing Info: Best Dice Score: 0.2169, with HD95 = 84.57805372669277 and ASSD = 29.84362376896022 at epoch 20
Epoch [31/700], Loss: 1.3413
Epoch [32/700], Loss: 1.3361
Epoch [33/700], Loss: 1.3348
Epoch [34/700], Loss: 1.3318
Epoch [35/700], Loss: 1.3281
Epoch [36/700], Loss: 1.3256
Epoch [37/700], Loss: 1.3226
Epoch [38/700], Loss: 1.3203
Epoch [39/700], Loss: 1.3175
Epoch [40/700], Loss: 1.3128
Epoch39: Average Dice Score: 0.3095
Epoch39: Average HD95: 80.4083
Epoch39: Average ASSD: 24.3855
Current Best Testing Info: Best Dice Score: 0.2693, with HD95 = 83.08884917227257 and ASSD = 26.88710092179398 at epoch 30
Epoch [41/700], Loss: 1.3105
Epoch [42/700], Loss: 1.3078
Epoch [43/700], Loss: 1.3054
Epoch [44/700], Loss: 1.3016
Epoch [45/700], Loss: 1.2995
Epoch [46/700], Loss: 1.2983
Epoch [47/700], Loss: 1.2938
Epoch [48/700], Loss: 1.2927
Epoch [49/700], Loss: 1.2891
Epoch [50/700], Loss: 1.2864
Epoch49: Average Dice Score: 0.3372
Epoch49: Average HD95: 79.8786
Epoch49: Average ASSD: 22.7179
Current Best Testing Info: Best Dice Score: 0.3095, with HD95 = 80.40826945253504 and ASSD = 24.38554482281311 at epoch 40
Epoch [51/700], Loss: 1.2858
Epoch [52/700], Loss: 1.2813
Epoch [53/700], Loss: 1.2789
Epoch [54/700], Loss: 1.2771
Epoch [55/700], Loss: 1.2743
Epoch [56/700], Loss: 1.2738
Epoch [57/700], Loss: 1.2696
Epoch [58/700], Loss: 1.2673
Epoch [59/700], Loss: 1.2673
Epoch [60/700], Loss: 1.2602
Epoch59: Average Dice Score: 0.3455
Epoch59: Average HD95: 78.1811
Epoch59: Average ASSD: 21.5347
Current Best Testing Info: Best Dice Score: 0.3372, with HD95 = 79.87862554576428 and ASSD = 22.71785067060058 at epoch 50
Epoch [61/700], Loss: 1.2595
Epoch [62/700], Loss: 1.2581
Epoch [63/700], Loss: 1.2544
Epoch [64/700], Loss: 1.2532
Epoch [65/700], Loss: 1.2495
Epoch [66/700], Loss: 1.2478
Epoch [67/700], Loss: 1.2451
Epoch [68/700], Loss: 1.2417
Epoch [69/700], Loss: 1.2383
Epoch [70/700], Loss: 1.2336
Epoch69: Average Dice Score: 0.3502
Epoch69: Average HD95: 76.0044
Epoch69: Average ASSD: 20.2754
Current Best Testing Info: Best Dice Score: 0.3455, with HD95 = 78.18114029542876 and ASSD = 21.534674736384908 at epoch 60
Epoch [71/700], Loss: 1.2313
Epoch [72/700], Loss: 1.2271
Epoch [73/700], Loss: 1.2281
Epoch [74/700], Loss: 1.2214
Epoch [75/700], Loss: 1.2174
Epoch [76/700], Loss: 1.2108
Epoch [77/700], Loss: 1.2063
Epoch [78/700], Loss: 1.2001
Epoch [79/700], Loss: 1.1977
Epoch [80/700], Loss: 1.1874
Epoch79: Average Dice Score: 0.3450
Epoch79: Average HD95: 72.0878
Epoch79: Average ASSD: 18.8366
Current Best Testing Info: Best Dice Score: 0.3502, with HD95 = 76.00436134269933 and ASSD = 20.275424528091893 at epoch 70
Epoch [81/700], Loss: 1.1794
Epoch [82/700], Loss: 1.1690
Epoch [83/700], Loss: 1.1559
Epoch [84/700], Loss: 1.1392
Epoch [85/700], Loss: 1.1128
Epoch [86/700], Loss: 1.0839
Epoch [87/700], Loss: 1.0423
Epoch [88/700], Loss: 1.0169
Epoch [89/700], Loss: 0.9894
Epoch [90/700], Loss: 0.9741
Epoch89: Average Dice Score: 0.5155
Epoch89: Average HD95: 55.9834
Epoch89: Average ASSD: 10.3222
Current Best Testing Info: Best Dice Score: 0.3502, with HD95 = 76.00436134269933 and ASSD = 20.275424528091893 at epoch 70
Epoch [91/700], Loss: 0.9517
Epoch [92/700], Loss: 0.9396
Epoch [93/700], Loss: 0.9206
Epoch [94/700], Loss: 0.9187
Epoch [95/700], Loss: 0.9130
Epoch [96/700], Loss: 0.9017
Epoch [97/700], Loss: 0.8947
Epoch [98/700], Loss: 0.9002
Epoch [99/700], Loss: 0.8858
Epoch [100/700], Loss: 0.8795
Epoch99: Average Dice Score: 0.7372
Epoch99: Average HD95: 33.5568
Epoch99: Average ASSD: 4.3579
Current Best Testing Info: Best Dice Score: 0.5155, with HD95 = 55.98338809073619 and ASSD = 10.322203080534795 at epoch 90
Epoch [101/700], Loss: 0.8790
Epoch [102/700], Loss: 0.8814
Epoch [103/700], Loss: 0.8762
Epoch [104/700], Loss: 0.8744
Epoch [105/700], Loss: 0.8772
Epoch [106/700], Loss: 0.8663
Epoch [107/700], Loss: 0.8696
Epoch [108/700], Loss: 0.8711
Epoch [109/700], Loss: 0.8750
Epoch [110/700], Loss: 0.8697
Epoch109: Average Dice Score: 0.7397
Epoch109: Average HD95: 36.1888
Epoch109: Average ASSD: 4.7111
Current Best Testing Info: Best Dice Score: 0.7372, with HD95 = 33.55683521084913 and ASSD = 4.357854259301068 at epoch 100
Epoch [111/700], Loss: 0.8714
Epoch [112/700], Loss: 0.8634
Epoch [113/700], Loss: 0.8683
Epoch [114/700], Loss: 0.8602
Epoch [115/700], Loss: 0.8677
Epoch [116/700], Loss: 0.8605
Epoch [117/700], Loss: 0.8604
Epoch [118/700], Loss: 0.8562
Epoch [119/700], Loss: 0.8603
Epoch [120/700], Loss: 0.8631
Epoch119: Average Dice Score: 0.8196
Epoch119: Average HD95: 15.2280
Epoch119: Average ASSD: 2.5576
Current Best Testing Info: Best Dice Score: 0.7397, with HD95 = 36.18883458776664 and ASSD = 4.711082244551801 at epoch 110
Epoch [121/700], Loss: 0.8522
Epoch [122/700], Loss: 0.8537
Epoch [123/700], Loss: 0.8551
Epoch [124/700], Loss: 0.8497
Epoch [125/700], Loss: 0.8481
Epoch [126/700], Loss: 0.8508
Epoch [127/700], Loss: 0.8427
Epoch [128/700], Loss: 0.8466
Epoch [129/700], Loss: 0.8467
Epoch [130/700], Loss: 0.8424
Epoch129: Average Dice Score: 0.8217
Epoch129: Average HD95: 7.6087
Epoch129: Average ASSD: 2.0433
Current Best Testing Info: Best Dice Score: 0.8196, with HD95 = 15.228011969938503 and ASSD = 2.5575751760140277 at epoch 120
Epoch [131/700], Loss: 0.8416
Epoch [132/700], Loss: 0.8382
Epoch [133/700], Loss: 0.8417
Epoch [134/700], Loss: 0.8358
Epoch [135/700], Loss: 0.8355
Epoch [136/700], Loss: 0.8351
Epoch [137/700], Loss: 0.8313
Epoch [138/700], Loss: 0.8304
Epoch [139/700], Loss: 0.8305
Epoch [140/700], Loss: 0.8279
Epoch139: Average Dice Score: 0.8053
Epoch139: Average HD95: 14.6205
Epoch139: Average ASSD: 2.7637
Current Best Testing Info: Best Dice Score: 0.8217, with HD95 = 7.6086649096415115 and ASSD = 2.0433457889459157 at epoch 130
Epoch [141/700], Loss: 0.8297
Epoch [142/700], Loss: 0.8316
Epoch [143/700], Loss: 0.8227
Epoch [144/700], Loss: 0.8241
Epoch [145/700], Loss: 0.8229
Epoch [146/700], Loss: 0.8231
Epoch [147/700], Loss: 0.8175
Epoch [148/700], Loss: 0.8146
Epoch [149/700], Loss: 0.8186
Epoch [150/700], Loss: 0.8144
Epoch149: Average Dice Score: 0.7792
Epoch149: Average HD95: 7.2993
Epoch149: Average ASSD: 2.0870
Current Best Testing Info: Best Dice Score: 0.8217, with HD95 = 7.6086649096415115 and ASSD = 2.0433457889459157 at epoch 130
Epoch [151/700], Loss: 0.8112
Epoch [152/700], Loss: 0.8103
Epoch [153/700], Loss: 0.8087
Epoch [154/700], Loss: 0.8095
Epoch [155/700], Loss: 0.8115
Epoch [156/700], Loss: 0.8070
Epoch [157/700], Loss: 0.8039
Epoch [158/700], Loss: 0.8035
Epoch [159/700], Loss: 0.8061
Epoch [160/700], Loss: 0.8041
Epoch159: Average Dice Score: 0.7117
Epoch159: Average HD95: 5.7803
Epoch159: Average ASSD: 1.3319
Current Best Testing Info: Best Dice Score: 0.8217, with HD95 = 7.6086649096415115 and ASSD = 2.0433457889459157 at epoch 130
Epoch [161/700], Loss: 0.8130
Epoch [162/700], Loss: 0.8007
Epoch [163/700], Loss: 0.8011
Epoch [164/700], Loss: 0.8042
Epoch [165/700], Loss: 0.7974
Epoch [166/700], Loss: 0.7992
Epoch [167/700], Loss: 0.7972
Epoch [168/700], Loss: 0.7971
Epoch [169/700], Loss: 0.7969
Epoch [170/700], Loss: 0.7992
Epoch169: Average Dice Score: 0.7677
Epoch169: Average HD95: 6.3781
Epoch169: Average ASSD: 1.2997
Current Best Testing Info: Best Dice Score: 0.8217, with HD95 = 7.6086649096415115 and ASSD = 2.0433457889459157 at epoch 130
Epoch [171/700], Loss: 0.7981
Epoch [172/700], Loss: 0.8025
Epoch [173/700], Loss: 0.7927
Epoch [174/700], Loss: 0.7894
Epoch [175/700], Loss: 0.7908
Epoch [176/700], Loss: 0.7975
Epoch [177/700], Loss: 0.7884
Epoch [178/700], Loss: 0.7876
Epoch [179/700], Loss: 0.7834
Epoch [180/700], Loss: 0.7927
Epoch179: Average Dice Score: 0.8040
Epoch179: Average HD95: 14.0536
Epoch179: Average ASSD: 2.7649
Current Best Testing Info: Best Dice Score: 0.8217, with HD95 = 7.6086649096415115 and ASSD = 2.0433457889459157 at epoch 130
Epoch [181/700], Loss: 0.7864
Epoch [182/700], Loss: 0.7845
Epoch [183/700], Loss: 0.7790
Epoch [184/700], Loss: 0.7890
Epoch [185/700], Loss: 0.7810
Epoch [186/700], Loss: 0.7830
Epoch [187/700], Loss: 0.7753
Epoch [188/700], Loss: 0.7785
Epoch [189/700], Loss: 0.7740
Epoch [190/700], Loss: 0.7773
Epoch189: Average Dice Score: 0.2906
Epoch189: Average HD95: 15.8147
Epoch189: Average ASSD: 4.1151
Current Best Testing Info: Best Dice Score: 0.8217, with HD95 = 7.6086649096415115 and ASSD = 2.0433457889459157 at epoch 130
Epoch [191/700], Loss: 0.7795
Epoch [192/700], Loss: 0.7701
Epoch [193/700], Loss: 0.7728
Epoch [194/700], Loss: 0.7737
Epoch [195/700], Loss: 0.7678
Epoch [196/700], Loss: 0.7858
Epoch [197/700], Loss: 0.7720
Epoch [198/700], Loss: 0.7744
Epoch [199/700], Loss: 0.7839
Epoch [200/700], Loss: 0.7650
Epoch199: Average Dice Score: 0.7390
Epoch199: Average HD95: 5.2089
Epoch199: Average ASSD: 1.1586
Current Best Testing Info: Best Dice Score: 0.8217, with HD95 = 7.6086649096415115 and ASSD = 2.0433457889459157 at epoch 130
Epoch [201/700], Loss: 0.7650
Epoch [202/700], Loss: 0.7742
Epoch [203/700], Loss: 0.7575
Epoch [204/700], Loss: 0.7599
Epoch [205/700], Loss: 0.7575
Epoch [206/700], Loss: 0.7555
Epoch [207/700], Loss: 0.7578
Epoch [208/700], Loss: 0.7543
Epoch [209/700], Loss: 0.7527
Epoch [210/700], Loss: 0.7581
Epoch209: Average Dice Score: 0.7021
Epoch209: Average HD95: 53.7058
Epoch209: Average ASSD: 7.6709
Current Best Testing Info: Best Dice Score: 0.8217, with HD95 = 7.6086649096415115 and ASSD = 2.0433457889459157 at epoch 130
Epoch [211/700], Loss: 0.7588
Epoch [212/700], Loss: 0.7586
Epoch [213/700], Loss: 0.7527
Epoch [214/700], Loss: 0.7566
Epoch [215/700], Loss: 0.7488
Epoch [216/700], Loss: 0.7475
Epoch [217/700], Loss: 0.7475
Epoch [218/700], Loss: 0.7547
Epoch [219/700], Loss: 0.7503
Epoch [220/700], Loss: 0.7450
Epoch219: Average Dice Score: 0.3733
Epoch219: Average HD95: 13.8550
Epoch219: Average ASSD: 3.2405
Current Best Testing Info: Best Dice Score: 0.8217, with HD95 = 7.6086649096415115 and ASSD = 2.0433457889459157 at epoch 130
Epoch [221/700], Loss: 0.7499
Epoch [222/700], Loss: 0.7460
Epoch [223/700], Loss: 0.7445
Epoch [224/700], Loss: 0.7421
Epoch [225/700], Loss: 0.7429
Epoch [226/700], Loss: 0.7443
Epoch [227/700], Loss: 0.7413
Epoch [228/700], Loss: 0.7397
Epoch [229/700], Loss: 0.7398
Epoch [230/700], Loss: 0.7480
Epoch229: Average Dice Score: 0.6938
Epoch229: Average HD95: 5.7447
Epoch229: Average ASSD: 1.4121
Current Best Testing Info: Best Dice Score: 0.8217, with HD95 = 7.6086649096415115 and ASSD = 2.0433457889459157 at epoch 130
Epoch [231/700], Loss: 0.7371
Epoch [232/700], Loss: 0.7416
Epoch [233/700], Loss: 0.7419
Epoch [234/700], Loss: 0.7394
Epoch [235/700], Loss: 0.7510
Epoch [236/700], Loss: 0.7373
Epoch [237/700], Loss: 0.7395
Epoch [238/700], Loss: 0.7440
Epoch [239/700], Loss: 0.7355
Epoch [240/700], Loss: 0.7382
Epoch239: Average Dice Score: 0.0954
Epoch239: Average HD95: 28.9527
Epoch239: Average ASSD: 10.3046
Current Best Testing Info: Best Dice Score: 0.8217, with HD95 = 7.6086649096415115 and ASSD = 2.0433457889459157 at epoch 130
Epoch [241/700], Loss: 0.7411
Epoch [242/700], Loss: 0.7339
Epoch [243/700], Loss: 0.7353
Epoch [244/700], Loss: 0.7362
Epoch [245/700], Loss: 0.7348
Epoch [246/700], Loss: 0.7356
Epoch [247/700], Loss: 0.7607
Epoch [248/700], Loss: 0.7529
Epoch [249/700], Loss: 0.7337
Epoch [250/700], Loss: 0.7328
Epoch249: Average Dice Score: 0.6337
Epoch249: Average HD95: 6.3980
Epoch249: Average ASSD: 1.3647
Current Best Testing Info: Best Dice Score: 0.8217, with HD95 = 7.6086649096415115 and ASSD = 2.0433457889459157 at epoch 130
Epoch [251/700], Loss: 0.7307
Epoch [252/700], Loss: 0.7319
Epoch [253/700], Loss: 0.7354
Epoch [254/700], Loss: 0.7299
Epoch [255/700], Loss: 0.7289
Epoch [256/700], Loss: 0.7293
Epoch [257/700], Loss: 0.7272
Epoch [258/700], Loss: 0.7339
Epoch [259/700], Loss: 0.7315
Epoch [260/700], Loss: 0.7277
Epoch259: Average Dice Score: 0.7782
Epoch259: Average HD95: 4.1695
Epoch259: Average ASSD: 1.0835
Current Best Testing Info: Best Dice Score: 0.8217, with HD95 = 7.6086649096415115 and ASSD = 2.0433457889459157 at epoch 130
Epoch [261/700], Loss: 0.7338
Epoch [262/700], Loss: 0.7305
Epoch [263/700], Loss: 0.7289
Epoch [264/700], Loss: 0.7264
Epoch [265/700], Loss: 0.7304
Epoch [266/700], Loss: 0.7277
Epoch [267/700], Loss: 0.7276
Epoch [268/700], Loss: 0.7273
Epoch [269/700], Loss: 0.7260
Epoch [270/700], Loss: 0.7243
Epoch269: Average Dice Score: 0.7071
Epoch269: Average HD95: 5.3448
Epoch269: Average ASSD: 1.2138
Current Best Testing Info: Best Dice Score: 0.8217, with HD95 = 7.6086649096415115 and ASSD = 2.0433457889459157 at epoch 130
Epoch [271/700], Loss: 0.7274
Epoch [272/700], Loss: 0.7234
Epoch [273/700], Loss: 0.7253
Epoch [274/700], Loss: 0.7282
Epoch [275/700], Loss: 0.7236
Epoch [276/700], Loss: 0.7242
Epoch [277/700], Loss: 0.7501
Epoch [278/700], Loss: 0.7218
Epoch [279/700], Loss: 0.7285
Epoch [280/700], Loss: 0.7238
Epoch279: Average Dice Score: 0.7883
Epoch279: Average HD95: 4.7769
Epoch279: Average ASSD: 1.2482
Current Best Testing Info: Best Dice Score: 0.8217, with HD95 = 7.6086649096415115 and ASSD = 2.0433457889459157 at epoch 130
Epoch [281/700], Loss: 0.7222
Epoch [282/700], Loss: 0.7218
Epoch [283/700], Loss: 0.7234
Epoch [284/700], Loss: 0.7311
Epoch [285/700], Loss: 0.7215
Epoch [286/700], Loss: 0.7224
Epoch [287/700], Loss: 0.7202
Epoch [288/700], Loss: 0.7229
Epoch [289/700], Loss: 0.7197
Epoch [290/700], Loss: 0.7230
Epoch289: Average Dice Score: 0.6764
Epoch289: Average HD95: 5.6807
Epoch289: Average ASSD: 1.3333
Current Best Testing Info: Best Dice Score: 0.8217, with HD95 = 7.6086649096415115 and ASSD = 2.0433457889459157 at epoch 130
Epoch [291/700], Loss: 0.7235
Epoch [292/700], Loss: 0.7258
Epoch [293/700], Loss: 0.7233
Epoch [294/700], Loss: 0.7195
Epoch [295/700], Loss: 0.7184
Epoch [296/700], Loss: 0.7225
Epoch [297/700], Loss: 0.7176
Epoch [298/700], Loss: 0.7215
Epoch [299/700], Loss: 0.7213
Epoch [300/700], Loss: 0.7189
Epoch299: Average Dice Score: 0.7717
Epoch299: Average HD95: 4.1511
Epoch299: Average ASSD: 1.0302
Current Best Testing Info: Best Dice Score: 0.8217, with HD95 = 7.6086649096415115 and ASSD = 2.0433457889459157 at epoch 130
Epoch [301/700], Loss: 0.7178
Epoch [302/700], Loss: 0.7192
Epoch [303/700], Loss: 0.7155
Epoch [304/700], Loss: 0.7174
Epoch [305/700], Loss: 0.7175
Epoch [306/700], Loss: 0.7185
Epoch [307/700], Loss: 0.7171
Epoch [308/700], Loss: 0.7200
Epoch [309/700], Loss: 0.7193
Epoch [310/700], Loss: 0.7156
Epoch309: Average Dice Score: 0.8027
Epoch309: Average HD95: 4.5794
Epoch309: Average ASSD: 1.3514
Current Best Testing Info: Best Dice Score: 0.8217, with HD95 = 7.6086649096415115 and ASSD = 2.0433457889459157 at epoch 130
Epoch [311/700], Loss: 0.7268
Epoch [312/700], Loss: 0.7167
Epoch [313/700], Loss: 0.7156
Epoch [314/700], Loss: 0.7154
Epoch [315/700], Loss: 0.7192
Epoch [316/700], Loss: 0.7176
Epoch [317/700], Loss: 0.7737
Epoch [318/700], Loss: 0.7180
Epoch [319/700], Loss: 0.7149
Epoch [320/700], Loss: 0.7154
Epoch319: Average Dice Score: 0.7470
Epoch319: Average HD95: 4.5468
Epoch319: Average ASSD: 1.1075
Current Best Testing Info: Best Dice Score: 0.8217, with HD95 = 7.6086649096415115 and ASSD = 2.0433457889459157 at epoch 130
Epoch [321/700], Loss: 0.7166
Epoch [322/700], Loss: 0.7161
Epoch [323/700], Loss: 0.7136
Epoch [324/700], Loss: 0.7149
Epoch [325/700], Loss: 0.7157
Epoch [326/700], Loss: 0.7161
Epoch [327/700], Loss: 0.7147
Epoch [328/700], Loss: 0.7146
Epoch [329/700], Loss: 0.7140
Epoch [330/700], Loss: 0.7140
Epoch329: Average Dice Score: 0.8066
Epoch329: Average HD95: 3.9342
Epoch329: Average ASSD: 1.1847
Current Best Testing Info: Best Dice Score: 0.8217, with HD95 = 7.6086649096415115 and ASSD = 2.0433457889459157 at epoch 130
Epoch [331/700], Loss: 0.7143
Epoch [332/700], Loss: 0.7147
Epoch [333/700], Loss: 0.7131
Epoch [334/700], Loss: 0.7146
Epoch [335/700], Loss: 0.7135
Epoch [336/700], Loss: 0.7118
Epoch [337/700], Loss: 0.7113
Epoch [338/700], Loss: 0.7155
Epoch [339/700], Loss: 0.7131
Epoch [340/700], Loss: 0.7131
Epoch339: Average Dice Score: 0.8031
Epoch339: Average HD95: 10.0595
Epoch339: Average ASSD: 2.0081
Current Best Testing Info: Best Dice Score: 0.8217, with HD95 = 7.6086649096415115 and ASSD = 2.0433457889459157 at epoch 130
Epoch [341/700], Loss: 0.7136
Epoch [342/700], Loss: 0.7138
Epoch [343/700], Loss: 0.7124
Epoch [344/700], Loss: 0.7149
Epoch [345/700], Loss: 0.7126
Epoch [346/700], Loss: 0.7121
Epoch [347/700], Loss: 0.7114
Epoch [348/700], Loss: 0.7121
Epoch [349/700], Loss: 0.7107
Epoch [350/700], Loss: 0.7114
Epoch349: Average Dice Score: 0.7674
Epoch349: Average HD95: 4.5820
Epoch349: Average ASSD: 1.1655
Current Best Testing Info: Best Dice Score: 0.8217, with HD95 = 7.6086649096415115 and ASSD = 2.0433457889459157 at epoch 130
Epoch [351/700], Loss: 0.7104
Epoch [352/700], Loss: 0.7132
Epoch [353/700], Loss: 0.7142
Epoch [354/700], Loss: 0.7107
Epoch [355/700], Loss: 0.7106
Epoch [356/700], Loss: 0.7086
Epoch [357/700], Loss: 0.7111
Epoch [358/700], Loss: 0.7117
Epoch [359/700], Loss: 0.7116
Epoch [360/700], Loss: 0.7119
Epoch359: Average Dice Score: 0.5659
Epoch359: Average HD95: 8.0107
Epoch359: Average ASSD: 1.6412
Current Best Testing Info: Best Dice Score: 0.8217, with HD95 = 7.6086649096415115 and ASSD = 2.0433457889459157 at epoch 130
Epoch [361/700], Loss: 0.7109
Epoch [362/700], Loss: 0.7108
Epoch [363/700], Loss: 0.7095
Epoch [364/700], Loss: 0.7113
Epoch [365/700], Loss: 0.7107
Epoch [366/700], Loss: 0.7090
Epoch [367/700], Loss: 0.7102
Epoch [368/700], Loss: 0.7108
Epoch [369/700], Loss: 0.7099
Epoch [370/700], Loss: 0.7096
Epoch369: Average Dice Score: 0.8069
Epoch369: Average HD95: 6.3638
Epoch369: Average ASSD: 1.5984
Current Best Testing Info: Best Dice Score: 0.8217, with HD95 = 7.6086649096415115 and ASSD = 2.0433457889459157 at epoch 130
Epoch [371/700], Loss: 0.7077
Epoch [372/700], Loss: 0.7123
Epoch [373/700], Loss: 0.7474
Epoch [374/700], Loss: 0.7099
Epoch [375/700], Loss: 0.7085
Epoch [376/700], Loss: 0.7100
Epoch [377/700], Loss: 0.7099
Epoch [378/700], Loss: 0.7090
Epoch [379/700], Loss: 0.7095
Epoch [380/700], Loss: 0.7121
Epoch379: Average Dice Score: 0.6010
Epoch379: Average HD95: 7.5147
Epoch379: Average ASSD: 1.5341
Current Best Testing Info: Best Dice Score: 0.8217, with HD95 = 7.6086649096415115 and ASSD = 2.0433457889459157 at epoch 130
Epoch [381/700], Loss: 0.7086
Epoch [382/700], Loss: 0.7083
Epoch [383/700], Loss: 0.7081
Epoch [384/700], Loss: 0.7093
Epoch [385/700], Loss: 0.7100
Epoch [386/700], Loss: 0.7082
Epoch [387/700], Loss: 0.7102
Epoch [388/700], Loss: 0.7091
Epoch [389/700], Loss: 0.7094
Epoch [390/700], Loss: 0.7088
Epoch389: Average Dice Score: 0.7925
Epoch389: Average HD95: 4.0800
Epoch389: Average ASSD: 1.1032
Current Best Testing Info: Best Dice Score: 0.8217, with HD95 = 7.6086649096415115 and ASSD = 2.0433457889459157 at epoch 130
Epoch [391/700], Loss: 0.7091
Epoch [392/700], Loss: 0.7099
Epoch [393/700], Loss: 0.7071
Epoch [394/700], Loss: 0.7086
Epoch [395/700], Loss: 0.7082
Epoch [396/700], Loss: 0.7071
Epoch [397/700], Loss: 0.7071
Epoch [398/700], Loss: 0.7093
Epoch [399/700], Loss: 0.7073
Epoch [400/700], Loss: 0.7063
Epoch399: Average Dice Score: 0.7719
Epoch399: Average HD95: 4.0783
Epoch399: Average ASSD: 0.9445
Current Best Testing Info: Best Dice Score: 0.8217, with HD95 = 7.6086649096415115 and ASSD = 2.0433457889459157 at epoch 130
Epoch [401/700], Loss: 0.7092
Epoch [402/700], Loss: 0.7064
Epoch [403/700], Loss: 0.7073
Epoch [404/700], Loss: 0.7059
Epoch [405/700], Loss: 0.7082
Epoch [406/700], Loss: 0.7074
Epoch [407/700], Loss: 0.7064
Epoch [408/700], Loss: 0.7071
Epoch [409/700], Loss: 0.7063
Epoch [410/700], Loss: 0.7103
Epoch409: Average Dice Score: 0.7076
Epoch409: Average HD95: 5.3507
Epoch409: Average ASSD: 1.1771
Current Best Testing Info: Best Dice Score: 0.8217, with HD95 = 7.6086649096415115 and ASSD = 2.0433457889459157 at epoch 130
Epoch [411/700], Loss: 0.7078
Epoch [412/700], Loss: 0.7069
Epoch [413/700], Loss: 0.7088
Epoch [414/700], Loss: 0.7119
Epoch [415/700], Loss: 0.7057
Epoch [416/700], Loss: 0.7070
Epoch [417/700], Loss: 0.7047
Epoch [418/700], Loss: 0.7111
Epoch [419/700], Loss: 0.7090
Epoch [420/700], Loss: 0.7065
Epoch419: Average Dice Score: 0.8081
Epoch419: Average HD95: 6.7055
Epoch419: Average ASSD: 1.5411
Current Best Testing Info: Best Dice Score: 0.8217, with HD95 = 7.6086649096415115 and ASSD = 2.0433457889459157 at epoch 130
Epoch [421/700], Loss: 0.7062
Epoch [422/700], Loss: 0.7050
Epoch [423/700], Loss: 0.7100
Epoch [424/700], Loss: 0.7062
Epoch [425/700], Loss: 0.7072
Epoch [426/700], Loss: 0.7054
Epoch [427/700], Loss: 0.7064
Epoch [428/700], Loss: 0.7044
Epoch [429/700], Loss: 0.7054
Epoch [430/700], Loss: 0.7061
Epoch429: Average Dice Score: 0.8026
Epoch429: Average HD95: 3.9543
Epoch429: Average ASSD: 1.1784
Current Best Testing Info: Best Dice Score: 0.8217, with HD95 = 7.6086649096415115 and ASSD = 2.0433457889459157 at epoch 130
Epoch [431/700], Loss: 0.7054
Epoch [432/700], Loss: 0.7047
Epoch [433/700], Loss: 0.7072
Epoch [434/700], Loss: 0.7062
Epoch [435/700], Loss: 0.7086
Epoch [436/700], Loss: 0.7050
Epoch [437/700], Loss: 0.7065
Epoch [438/700], Loss: 0.7086
Epoch [439/700], Loss: 0.7060
Epoch [440/700], Loss: 0.7049
Epoch439: Average Dice Score: 0.6658
Epoch439: Average HD95: 5.8208
Epoch439: Average ASSD: 1.2326
Current Best Testing Info: Best Dice Score: 0.8217, with HD95 = 7.6086649096415115 and ASSD = 2.0433457889459157 at epoch 130
Epoch [441/700], Loss: 0.7043
Epoch [442/700], Loss: 0.7042
Epoch [443/700], Loss: 0.7048
Epoch [444/700], Loss: 0.7051
Epoch [445/700], Loss: 0.7062
Epoch [446/700], Loss: 0.7056
Epoch [447/700], Loss: 0.7050
Epoch [448/700], Loss: 0.7029
Epoch [449/700], Loss: 0.7051
Epoch [450/700], Loss: 0.7036
Epoch449: Average Dice Score: 0.7826
Epoch449: Average HD95: 3.7231
Epoch449: Average ASSD: 0.9759
Current Best Testing Info: Best Dice Score: 0.8217, with HD95 = 7.6086649096415115 and ASSD = 2.0433457889459157 at epoch 130
Epoch [451/700], Loss: 0.7048
Epoch [452/700], Loss: 0.7043
Epoch [453/700], Loss: 0.7017
Epoch [454/700], Loss: 0.7038
Epoch [455/700], Loss: 0.7032
Epoch [456/700], Loss: 0.7048
Epoch [457/700], Loss: 0.7027
Epoch [458/700], Loss: 0.7044
Epoch [459/700], Loss: 0.7057
Epoch [460/700], Loss: 0.7025
Epoch459: Average Dice Score: 0.8046
Epoch459: Average HD95: 3.9250
Epoch459: Average ASSD: 1.1596
Current Best Testing Info: Best Dice Score: 0.8217, with HD95 = 7.6086649096415115 and ASSD = 2.0433457889459157 at epoch 130
Epoch [461/700], Loss: 0.7038
Epoch [462/700], Loss: 0.7060
Epoch [463/700], Loss: 0.7022
Epoch [464/700], Loss: 0.7038
Epoch [465/700], Loss: 0.7069
Epoch [466/700], Loss: 0.7041
Epoch [467/700], Loss: 0.7047
Epoch [468/700], Loss: 0.7032
Epoch [469/700], Loss: 0.7031
Epoch [470/700], Loss: 0.7026
Epoch469: Average Dice Score: 0.6031
Epoch469: Average HD95: 7.2712
Epoch469: Average ASSD: 1.5056
Current Best Testing Info: Best Dice Score: 0.8217, with HD95 = 7.6086649096415115 and ASSD = 2.0433457889459157 at epoch 130
Epoch [471/700], Loss: 0.7044
Epoch [472/700], Loss: 0.7038
Epoch [473/700], Loss: 0.7016
Epoch [474/700], Loss: 0.7054
Epoch [475/700], Loss: 0.7055
Epoch [476/700], Loss: 0.7026
Epoch [477/700], Loss: 0.7035
Epoch [478/700], Loss: 0.7024
Epoch [479/700], Loss: 0.7036
