Length of Training Data:244, Length of Testing Data:523
start running at device: cuda:0
Epoch [1/70], Loss: 1.5403
Epoch [2/70], Loss: 1.5395
Epoch [3/70], Loss: 1.5389
Epoch [4/70], Loss: 1.5382
Epoch [5/70], Loss: 1.5376
Epoch [6/70], Loss: 1.5371
Epoch [7/70], Loss: 1.5366
Epoch [8/70], Loss: 1.5361
Epoch [9/70], Loss: 1.5356
Epoch [10/70], Loss: 1.5351
Epoch9: Average Dice Score: 0.1174
Epoch9: Average HD95: 88.4043
Epoch9: Average ASSD: 35.4584
Current Best Testing Info: Best Dice Score: 0.0000, with HD95 = 0 and ASSD = 0 at epoch 1
Epoch [11/70], Loss: 1.5345
Epoch [12/70], Loss: 1.5342
Epoch [13/70], Loss: 1.5336
Epoch [14/70], Loss: 1.5333
Epoch [15/70], Loss: 1.5327
Epoch [16/70], Loss: 1.5323
Epoch [17/70], Loss: 1.5319
Epoch [18/70], Loss: 1.5315
Epoch [19/70], Loss: 1.5311
Epoch [20/70], Loss: 1.5306
Epoch19: Average Dice Score: 0.1316
Epoch19: Average HD95: 88.3495
Epoch19: Average ASSD: 35.8000
Current Best Testing Info: Best Dice Score: 0.1174, with HD95 = 88.40428552070114 and ASSD = 35.458436435532356 at epoch 10
Epoch [21/70], Loss: 1.5302
Epoch [22/70], Loss: 1.5297
Epoch [23/70], Loss: 1.5293
Epoch [24/70], Loss: 1.5290
Epoch [25/70], Loss: 1.5286
Epoch [26/70], Loss: 1.5282
Epoch [27/70], Loss: 1.5278
Epoch [28/70], Loss: 1.5276
Epoch [29/70], Loss: 1.5271
Epoch [30/70], Loss: 1.5265
Epoch29: Average Dice Score: 0.1326
Epoch29: Average HD95: 88.6023
Epoch29: Average ASSD: 35.7274
Current Best Testing Info: Best Dice Score: 0.1316, with HD95 = 88.34947173632881 and ASSD = 35.80004593077734 at epoch 20
Epoch [31/70], Loss: 1.5263
Epoch [32/70], Loss: 1.5258
Epoch [33/70], Loss: 1.5254
Epoch [34/70], Loss: 1.5250
Epoch [35/70], Loss: 1.5246
Epoch [36/70], Loss: 1.5243
Epoch [37/70], Loss: 1.5237
Epoch [38/70], Loss: 1.5234
Epoch [39/70], Loss: 1.5230
Epoch [40/70], Loss: 1.5225
Epoch39: Average Dice Score: 0.1348
Epoch39: Average HD95: 87.8626
Epoch39: Average ASSD: 35.5058
Current Best Testing Info: Best Dice Score: 0.1326, with HD95 = 88.60234312190495 and ASSD = 35.727439217352895 at epoch 30
Epoch [41/70], Loss: 1.5223
Epoch [42/70], Loss: 1.5219
Epoch [43/70], Loss: 1.5215
Epoch [44/70], Loss: 1.5209
Epoch [45/70], Loss: 1.5205
Epoch [46/70], Loss: 1.5202
Epoch [47/70], Loss: 1.5198
Epoch [48/70], Loss: 1.5191
Epoch [49/70], Loss: 1.5189
Epoch [50/70], Loss: 1.5185
Epoch49: Average Dice Score: 0.1360
Epoch49: Average HD95: 89.0526
Epoch49: Average ASSD: 35.9363
Current Best Testing Info: Best Dice Score: 0.1348, with HD95 = 87.86262790681958 and ASSD = 35.50582764425958 at epoch 40
Epoch [51/70], Loss: 1.5180
Epoch [52/70], Loss: 1.5177
Epoch [53/70], Loss: 1.5172
Epoch [54/70], Loss: 1.5169
Epoch [55/70], Loss: 1.5162
Epoch [56/70], Loss: 1.5160
Epoch [57/70], Loss: 1.5155
Epoch [58/70], Loss: 1.5151
Epoch [59/70], Loss: 1.5147
Epoch [60/70], Loss: 1.5140
Epoch59: Average Dice Score: 0.1365
Epoch59: Average HD95: 88.8580
Epoch59: Average ASSD: 35.6212
Current Best Testing Info: Best Dice Score: 0.1360, with HD95 = 89.05255604787354 and ASSD = 35.936253404260356 at epoch 50
Epoch [61/70], Loss: 1.5137
Epoch [62/70], Loss: 1.5132
Epoch [63/70], Loss: 1.5128
Epoch [64/70], Loss: 1.5123
Epoch [65/70], Loss: 1.5118
Epoch [66/70], Loss: 1.5113
Epoch [67/70], Loss: 1.5109
Epoch [68/70], Loss: 1.5106
Epoch [69/70], Loss: 1.5100
Epoch [70/70], Loss: 1.5094
Epoch69: Average Dice Score: 0.1403
Epoch69: Average HD95: 88.0459
Epoch69: Average ASSD: 35.0992
Current Best Testing Info: Best Dice Score: 0.1365, with HD95 = 88.8579647564995 and ASSD = 35.621220056876936 at epoch 60
Average Dice Score: 0.1410
Average HD95: 88.1397
Average ASSD: 35.2583
Best Dice Score: 0.1410, with HD95 = 88.13970246780778 and ASSD = 35.25832502135175 at epoch 70
