Length of Training Data:244, Length of Testing Data:523
start running at device: cuda:0
Epoch [1/70], Loss: 1.5382
Epoch [2/70], Loss: 1.5329
Epoch [3/70], Loss: 1.5288
Epoch [4/70], Loss: 1.5247
Epoch [5/70], Loss: 1.5208
Epoch [6/70], Loss: 1.5166
Epoch [7/70], Loss: 1.5123
Epoch [8/70], Loss: 1.5077
Epoch [9/70], Loss: 1.5027
Epoch [10/70], Loss: 1.4975
Epoch9: Average Dice Score: 0.1492
Epoch9: Average HD95: 87.4764
Epoch9: Average ASSD: 32.3314
Current Best Testing Info: Best Dice Score: 0.0000, with HD95 = 0 and ASSD = 0 at epoch 1
Epoch [11/70], Loss: 1.4922
Epoch [12/70], Loss: 1.4866
Epoch [13/70], Loss: 1.4810
Epoch [14/70], Loss: 1.4757
Epoch [15/70], Loss: 1.4698
Epoch [16/70], Loss: 1.4645
Epoch [17/70], Loss: 1.4592
Epoch [18/70], Loss: 1.4536
Epoch [19/70], Loss: 1.4490
Epoch [20/70], Loss: 1.4441
Epoch19: Average Dice Score: 0.1736
Epoch19: Average HD95: 86.7494
Epoch19: Average ASSD: 32.9134
Current Best Testing Info: Best Dice Score: 0.1492, with HD95 = 87.47640117614871 and ASSD = 32.331370933193895 at epoch 10
Epoch [21/70], Loss: 1.4395
Epoch [22/70], Loss: 1.4350
Epoch [23/70], Loss: 1.4305
Epoch [24/70], Loss: 1.4265
Epoch [25/70], Loss: 1.4228
Epoch [26/70], Loss: 1.4196
Epoch [27/70], Loss: 1.4155
Epoch [28/70], Loss: 1.4124
Epoch [29/70], Loss: 1.4097
Epoch [30/70], Loss: 1.4061
Epoch29: Average Dice Score: 0.1869
Epoch29: Average HD95: 86.1796
Epoch29: Average ASSD: 31.7613
Current Best Testing Info: Best Dice Score: 0.1736, with HD95 = 86.74943650840316 and ASSD = 32.9133741311912 at epoch 20
Epoch [31/70], Loss: 1.4033
Epoch [32/70], Loss: 1.3997
Epoch [33/70], Loss: 1.3975
Epoch [34/70], Loss: 1.3949
Epoch [35/70], Loss: 1.3917
Epoch [36/70], Loss: 1.3901
Epoch [37/70], Loss: 1.3873
Epoch [38/70], Loss: 1.3849
Epoch [39/70], Loss: 1.3827
Epoch [40/70], Loss: 1.3806
Epoch39: Average Dice Score: 0.2182
Epoch39: Average HD95: 84.2986
Epoch39: Average ASSD: 29.8225
Current Best Testing Info: Best Dice Score: 0.1869, with HD95 = 86.17961484725254 and ASSD = 31.76125460833216 at epoch 30
Epoch [41/70], Loss: 1.3784
Epoch [42/70], Loss: 1.3770
Epoch [43/70], Loss: 1.3748
Epoch [44/70], Loss: 1.3722
Epoch [45/70], Loss: 1.3703
Epoch [46/70], Loss: 1.3684
Epoch [47/70], Loss: 1.3668
Epoch [48/70], Loss: 1.3642
Epoch [49/70], Loss: 1.3628
Epoch [50/70], Loss: 1.3612
Epoch49: Average Dice Score: 0.2462
Epoch49: Average HD95: 84.4722
Epoch49: Average ASSD: 28.5997
Current Best Testing Info: Best Dice Score: 0.2182, with HD95 = 84.29859207800406 and ASSD = 29.822457331941706 at epoch 40
Epoch [51/70], Loss: 1.3596
Epoch [52/70], Loss: 1.3573
Epoch [53/70], Loss: 1.3558
Epoch [54/70], Loss: 1.3543
Epoch [55/70], Loss: 1.3522
Epoch [56/70], Loss: 1.3510
Epoch [57/70], Loss: 1.3489
Epoch [58/70], Loss: 1.3476
Epoch [59/70], Loss: 1.3463
Epoch [60/70], Loss: 1.3432
Epoch59: Average Dice Score: 0.2685
Epoch59: Average HD95: 83.4982
Epoch59: Average ASSD: 27.1298
Current Best Testing Info: Best Dice Score: 0.2462, with HD95 = 84.47220898495101 and ASSD = 28.5996564718294 at epoch 50
Epoch [61/70], Loss: 1.3423
Epoch [62/70], Loss: 1.3407
Epoch [63/70], Loss: 1.3384
Epoch [64/70], Loss: 1.3374
Epoch [65/70], Loss: 1.3358
Epoch [66/70], Loss: 1.3335
Epoch [67/70], Loss: 1.3322
Epoch [68/70], Loss: 1.3316
Epoch [69/70], Loss: 1.3288
Epoch [70/70], Loss: 1.3271
Epoch69: Average Dice Score: 0.2960
Epoch69: Average HD95: 81.8410
Epoch69: Average ASSD: 25.4128
Current Best Testing Info: Best Dice Score: 0.2685, with HD95 = 83.49820630642226 and ASSD = 27.12984943423287 at epoch 60
Average Dice Score: 0.2982
Average HD95: 82.0308
Average ASSD: 25.5141
Best Dice Score: 0.2982, with HD95 = 82.03083414152381 and ASSD = 25.514078239638728 at epoch 70
